<?xml version="1.0" encoding="UTF-8"?>
<testng-results ignored="0" total="2" passed="2" failed="0" skipped="0">
  <reporter-output>
  </reporter-output>
  <suite started-at="2026-05-31T17:44:05 EEST" name="Surefire suite" finished-at="2026-05-31T17:44:15 EEST" duration-ms="10211">
    <groups>
    </groups>
    <test started-at="2026-05-31T17:44:05 EEST" name="Surefire test" finished-at="2026-05-31T17:44:15 EEST" duration-ms="10211">
      <class name="com.demo.LoginTest">
        <test-method is-config="true" signature="setup()[pri:0, instance:com.demo.LoginTest@184cf7cf]" started-at="2026-05-31T17:44:05 EEST" name="setup" finished-at="2026-05-31T17:44:09 EEST" duration-ms="4270" status="PASS">
          <reporter-output>
          </reporter-output>
        </test-method> <!-- setup -->
        <test-method signature="testInvalidLogin()[pri:0, instance:com.demo.LoginTest@184cf7cf]" started-at="2026-05-31T17:44:09 EEST" name="testInvalidLogin" finished-at="2026-05-31T17:44:11 EEST" duration-ms="2178" status="PASS">
          <reporter-output>
          </reporter-output>
        </test-method> <!-- testInvalidLogin -->
        <test-method is-config="true" signature="teardown()[pri:0, instance:com.demo.LoginTest@184cf7cf]" started-at="2026-05-31T17:44:11 EEST" name="teardown" finished-at="2026-05-31T17:44:11 EEST" duration-ms="195" status="PASS">
          <reporter-output>
          </reporter-output>
        </test-method> <!-- teardown -->
        <test-method is-config="true" signature="setup()[pri:0, instance:com.demo.LoginTest@184cf7cf]" started-at="2026-05-31T17:44:11 EEST" name="setup" finished-at="2026-05-31T17:44:12 EEST" duration-ms="1028" status="PASS">
          <reporter-output>
          </reporter-output>
        </test-method> <!-- setup -->
        <test-method signature="testValidLogin()[pri:0, instance:com.demo.LoginTest@184cf7cf]" started-at="2026-05-31T17:44:12 EEST" name="testValidLogin" finished-at="2026-05-31T17:44:15 EEST" duration-ms="2275" status="PASS">
          <reporter-output>
          </reporter-output>
        </test-method> <!-- testValidLogin -->
        <test-method is-config="true" signature="teardown()[pri:0, instance:com.demo.LoginTest@184cf7cf]" started-at="2026-05-31T17:44:15 EEST" name="teardown" finished-at="2026-05-31T17:44:15 EEST" duration-ms="221" status="PASS">
          <reporter-output>
          </reporter-output>
        </test-method> <!-- teardown -->
      </class> <!-- com.demo.LoginTest -->
    </test> <!-- Surefire test -->
  </suite> <!-- Surefire suite -->
</testng-results>
