<?xml version="1.0" encoding="UTF-8"?>
<testng-results ignored="0" total="1" passed="1" failed="0" skipped="0">
  <reporter-output>
  </reporter-output>
  <suite started-at="2026-05-31T17:25:00 EEST" name="Surefire suite" finished-at="2026-05-31T17:25:10 EEST" duration-ms="10212">
    <groups>
    </groups>
    <test started-at="2026-05-31T17:25:00 EEST" name="Surefire test" finished-at="2026-05-31T17:25:10 EEST" duration-ms="10212">
      <class name="com.demo.LoginTest">
        <test-method is-config="true" signature="setup()[pri:0, instance:com.demo.LoginTest@2805c96b]" started-at="2026-05-31T17:25:00 EEST" name="setup" finished-at="2026-05-31T17:25:08 EEST" duration-ms="8102" status="PASS">
          <reporter-output>
          </reporter-output>
        </test-method> <!-- setup -->
        <test-method signature="testValidLogin()[pri:0, instance:com.demo.LoginTest@2805c96b]" started-at="2026-05-31T17:25:08 EEST" name="testValidLogin" finished-at="2026-05-31T17:25:10 EEST" duration-ms="1862" status="PASS">
          <reporter-output>
          </reporter-output>
        </test-method> <!-- testValidLogin -->
        <test-method is-config="true" signature="teardown()[pri:0, instance:com.demo.LoginTest@2805c96b]" started-at="2026-05-31T17:25:10 EEST" name="teardown" finished-at="2026-05-31T17:25:10 EEST" duration-ms="205" status="PASS">
          <reporter-output>
          </reporter-output>
        </test-method> <!-- teardown -->
      </class> <!-- com.demo.LoginTest -->
    </test> <!-- Surefire test -->
  </suite> <!-- Surefire suite -->
</testng-results>
